<?xml version="1.0" encoding="UTF-8"?>
<!-- Generated by org.testng.reporters.JUnitReportReporter -->
<testsuite hostname="DESKTOP-UHB9FFT" failures="0" tests="5" name="api_tests.CraterItems" time="3.711" errors="0" timestamp="2023-05-04T21:05:47 EDT" skipped="0">
  <testcase classname="api_tests.CraterItems" name="updateItem" time="0.427"/>
  <system-out/>
  <testcase classname="api_tests.CraterItems" name="deleteItem" time="0.264"/>
  <system-out/>
  <testcase classname="api_tests.CraterItems" name="login" time="1.748"/>
  <system-out/>
  <testcase classname="api_tests.CraterItems" name="createItem" time="0.790"/>
  <system-out/>
  <testcase classname="api_tests.CraterItems" name="getItem" time="0.482"/>
  <system-out/>
</testsuite> <!-- api_tests.CraterItems -->
