<?xml version="1.0" encoding="UTF-8"?>
<!-- Generated by org.testng.reporters.JUnitReportReporter -->
<testsuite hostname="DESKTOP-UHB9FFT" failures="0" tests="1" name="api_tests.PetStoreAPIs_RestAssured" time="1.849" errors="0" timestamp="2023-05-02T21:22:20 EDT" skipped="0">
  <testcase classname="api_tests.PetStoreAPIs_RestAssured" name="findPetsByStatus_providingQueryParameter" time="1.849"/>
  <system-out/>
</testsuite> <!-- api_tests.PetStoreAPIs_RestAssured -->
