<?xml version="1.0" encoding="UTF-8"?>
<!-- Generated by org.testng.reporters.JUnitReportReporter -->
<testsuite hostname="DESKTOP-UHB9FFT" failures="0" tests="2" name="api_tests.TestNGDemo" time="2.131" errors="0" timestamp="2023-05-01T21:27:25 EDT" skipped="0">
  <testcase classname="api_tests.TestNGDemo" name="uiTestDemo" time="2.130"/>
  <system-out/>
  <testcase classname="api_tests.TestNGDemo" name="assertionDemo" time="0.001"/>
  <system-out/>
</testsuite> <!-- api_tests.TestNGDemo -->
