<?xml version="1.0" encoding="UTF-8"?>
<!-- Generated by org.testng.reporters.JUnitReportReporter -->
<testsuite hostname="DESKTOP-UHB9FFT" failures="0" tests="4" name="api_tests.ApiLogout" time="3.304" errors="0" timestamp="2023-05-07T22:05:50 EDT" skipped="0">
  <testcase classname="api_tests.ApiLogout" name="login" time="2.570"/>
  <system-out/>
  <testcase classname="api_tests.ApiLogout" name="logout" time="0.315"/>
  <system-out/>
  <testcase classname="api_tests.ApiLogout" name="logoutWithIncorrectAuthorization" time="0.210"/>
  <system-out/>
  <testcase classname="api_tests.ApiLogout" name="logoutWithIncorrectEndpoint" time="0.209"/>
  <system-out/>
</testsuite> <!-- api_tests.ApiLogout -->
