<?xml version="1.0" encoding="UTF-8"?>
<!-- Generated by org.testng.reporters.JUnitReportReporter -->
<testsuite hostname="DESKTOP-UHB9FFT" failures="0" tests="2" name="api_tests.PetStoreAPIs_RestAssured" time="2.439" errors="0" timestamp="2023-05-04T18:12:18 EDT" skipped="0">
  <testcase classname="api_tests.PetStoreAPIs_RestAssured" name="uploadApet" time="2.307"/>
  <system-out/>
  <testcase classname="api_tests.PetStoreAPIs_RestAssured" name="updateApet" time="0.132"/>
  <system-out/>
</testsuite> <!-- api_tests.PetStoreAPIs_RestAssured -->
